<?xml version="1.0" encoding="UTF-8"?>
<testng-results skipped="0" failed="0" ignored="0" total="1" passed="1">
  <reporter-output>
  </reporter-output>
  <suite name="Default suite" duration-ms="4235" started-at="2019-09-22T13:38:54Z" finished-at="2019-09-22T13:38:58Z">
    <groups>
    </groups>
    <test name="Default test" duration-ms="4235" started-at="2019-09-22T13:38:54Z" finished-at="2019-09-22T13:38:58Z">
      <class name="com.swapi.test.TC02_RestAPIDemo_POST">
        <test-method status="PASS" signature="restAPIDemoQA_Post()[pri:0, instance:com.swapi.test.TC02_RestAPIDemo_POST@523884b2]" name="restAPIDemoQA_Post" duration-ms="4189" started-at="2019-09-22T13:38:54Z" finished-at="2019-09-22T13:38:58Z">
          <reporter-output>
          </reporter-output>
        </test-method> <!-- restAPIDemoQA_Post -->
      </class> <!-- com.swapi.test.TC02_RestAPIDemo_POST -->
    </test> <!-- Default test -->
  </suite> <!-- Default suite -->
</testng-results>
