<?xml version="1.0" encoding="UTF-8"?>
<testng-results skipped="0" failed="0" ignored="0" total="1" passed="1">
  <reporter-output>
  </reporter-output>
  <suite name="Default suite" duration-ms="7908" started-at="2019-09-25T15:28:31Z" finished-at="2019-09-25T15:28:39Z">
    <groups>
    </groups>
    <test name="Default test" duration-ms="7908" started-at="2019-09-25T15:28:31Z" finished-at="2019-09-25T15:28:39Z">
      <class name="com.swapi.test.TC01_SWAPI_GET">
        <test-method status="PASS" signature="starWarAPI_GET()[pri:0, instance:com.swapi.test.TC01_SWAPI_GET@523884b2]" name="starWarAPI_GET" duration-ms="7873" started-at="2019-09-25T15:28:31Z" description="GET Request to get Star War API and Verify Status Code, Status Line" finished-at="2019-09-25T15:28:39Z">
          <reporter-output>
          </reporter-output>
        </test-method> <!-- starWarAPI_GET -->
      </class> <!-- com.swapi.test.TC01_SWAPI_GET -->
    </test> <!-- Default test -->
  </suite> <!-- Default suite -->
</testng-results>
